# JRE version: OpenJDK Runtime Environment Temurin-21.0.6+7 (21.0.6+7) (build 21.0.6+7-LTS)
# Java VM: OpenJDK 64-Bit Server VM Temurin-21.0.6+7 (21.0.6+7-LTS, mixed mode, sharing, tiered, compressed oops, compressed class ptrs, parallel gc, windows-amd64)
GC Precious Log:
 CardTable entry size: 512
 CPUs: 16 total, 16 available
 Memory: 7528M
 Large Page Support: Disabled
 NUMA Support: Disabled
 Compressed Oops: Enabled (32-bit)
 Alignments: Space 512K, Generation 512K, Heap 2M
 Heap Min Capacity: 100M
 Heap Initial Capacity: 100M
 Heap Max Capacity: 1G
 Pre-touch: Disabled
 Parallel Workers: 13
Heap:
 PSYoungGen      total 9216K, used 6134K [0x00000000eab00000, 0x00000000eb880000, 0x0000000100000000)
  eden space 7168K, 62% used [0x00000000eab00000,0x00000000eaf63da8,0x00000000eb200000)
  from space 2048K, 80% used [0x00000000eb380000,0x00000000eb519c80,0x00000000eb580000)
  to   space 2560K, 0% used [0x00000000eb600000,0x00000000eb600000,0x00000000eb880000)
 ParOldGen       total 327168K, used 327073K [0x00000000c0000000, 0x00000000d3f80000, 0x00000000eab00000)
  object space 327168K, 99% used [0x00000000c0000000,0x00000000d3f687f0,0x00000000d3f80000)
 Metaspace       used 53973K, committed 55168K, reserved 1114112K
  class space    used 5772K, committed 6336K, reserved 1048576K
GC Heap History (20 events):
Event: 60.955 GC heap before
{Heap before GC invocations=252 (full 2):
 PSYoungGen      total 4096K, used 4062K [0x00000000eab00000, 0x00000000eb300000, 0x0000000100000000)
  eden space 3072K, 99% used [0x00000000eab00000,0x00000000eadf9840,0x00000000eae00000)
  from space 1024K, 99% used [0x00000000eae00000,0x00000000eaefe2f0,0x00000000eaf00000)
  to   space 2560K, 0% used [0x00000000eb080000,0x00000000eb080000,0x00000000eb300000)
 ParOldGen       total 305664K, used 305419K [0x00000000c0000000, 0x00000000d2a80000, 0x00000000eab00000)
  object space 305664K, 99% used [0x00000000c0000000,0x00000000d2a42ee0,0x00000000d2a80000)
 Metaspace       used 53314K, committed 54464K, reserved 1114112K
  class space    used 5663K, committed 6208K, reserved 1048576K
}
Event: 60.958 GC heap after
{Heap after GC invocations=252 (full 2):
 PSYoungGen      total 6144K, used 1415K [0x00000000eab00000, 0x00000000eb300000, 0x0000000100000000)
  eden space 3584K, 0% used [0x00000000eab00000,0x00000000eab00000,0x00000000eae80000)
  from space 2560K, 55% used [0x00000000eb080000,0x00000000eb1e1f88,0x00000000eb300000)
  to   space 2048K, 0% used [0x00000000eae80000,0x00000000eae80000,0x00000000eb080000)
 ParOldGen       total 306688K, used 306303K [0x00000000c0000000, 0x00000000d2b80000, 0x00000000eab00000)
  object space 306688K, 99% used [0x00000000c0000000,0x00000000d2b1fe88,0x00000000d2b80000)
 Metaspace       used 53314K, committed 54464K, reserved 1114112K
  class space    used 5663K, committed 6208K, reserved 1048576K
}
Event: 60.968 GC heap before
{Heap before GC invocations=253 (full 2):
 PSYoungGen      total 6144K, used 4999K [0x00000000eab00000, 0x00000000eb300000, 0x0000000100000000)
  eden space 3584K, 100% used [0x00000000eab00000,0x00000000eae80000,0x00000000eae80000)
  from space 2560K, 55% used [0x00000000eb080000,0x00000000eb1e1f88,0x00000000eb300000)
  to   space 2048K, 0% used [0x00000000eae80000,0x00000000eae80000,0x00000000eb080000)
 ParOldGen       total 306688K, used 306303K [0x00000000c0000000, 0x00000000d2b80000, 0x00000000eab00000)
  object space 306688K, 99% used [0x00000000c0000000,0x00000000d2b1fe88,0x00000000d2b80000)
 Metaspace       used 53314K, committed 54464K, reserved 1114112K
  class space    used 5663K, committed 6208K, reserved 1048576K
}
Event: 60.971 GC heap after
{Heap after GC invocations=253 (full 2):
 PSYoungGen      total 5632K, used 1596K [0x00000000eab00000, 0x00000000eb380000, 0x0000000100000000)
  eden space 3584K, 0% used [0x00000000eab00000,0x00000000eab00000,0x00000000eae80000)
  from space 2048K, 77% used [0x00000000eae80000,0x00000000eb00f350,0x00000000eb080000)
  to   space 2048K, 0% used [0x00000000eb180000,0x00000000eb180000,0x00000000eb380000)
 ParOldGen       total 307712K, used 307486K [0x00000000c0000000, 0x00000000d2c80000, 0x00000000eab00000)
  object space 307712K, 99% used [0x00000000c0000000,0x00000000d2c47810,0x00000000d2c80000)
 Metaspace       used 53314K, committed 54464K, reserved 1114112K
  class space    used 5663K, committed 6208K, reserved 1048576K
}
Event: 60.979 GC heap before
{Heap before GC invocations=254 (full 2):
 PSYoungGen      total 5632K, used 5171K [0x00000000eab00000, 0x00000000eb380000, 0x0000000100000000)
  eden space 3584K, 99% used [0x00000000eab00000,0x00000000eae7d9e8,0x00000000eae80000)
  from space 2048K, 77% used [0x00000000eae80000,0x00000000eb00f350,0x00000000eb080000)
  to   space 2048K, 0% used [0x00000000eb180000,0x00000000eb180000,0x00000000eb380000)
 ParOldGen       total 307712K, used 307486K [0x00000000c0000000, 0x00000000d2c80000, 0x00000000eab00000)
  object space 307712K, 99% used [0x00000000c0000000,0x00000000d2c47810,0x00000000d2c80000)
 Metaspace       used 53314K, committed 54464K, reserved 1114112K
  class space    used 5663K, committed 6208K, reserved 1048576K
}
Event: 60.983 GC heap after
{Heap after GC invocations=254 (full 2):
 PSYoungGen      total 6656K, used 1533K [0x00000000eab00000, 0x00000000eb380000, 0x0000000100000000)
  eden space 4608K, 0% used [0x00000000eab00000,0x00000000eab00000,0x00000000eaf80000)
  from space 2048K, 74% used [0x00000000eb180000,0x00000000eb2ff708,0x00000000eb380000)
  to   space 2048K, 0% used [0x00000000eaf80000,0x00000000eaf80000,0x00000000eb180000)
 ParOldGen       total 309248K, used 308879K [0x00000000c0000000, 0x00000000d2e00000, 0x00000000eab00000)
  object space 309248K, 99% used [0x00000000c0000000,0x00000000d2da3e68,0x00000000d2e00000)
 Metaspace       used 53314K, committed 54464K, reserved 1114112K
  class space    used 5663K, committed 6208K, reserved 1048576K
}
Event: 60.998 GC heap before
{Heap before GC invocations=255 (full 2):
 PSYoungGen      total 6656K, used 6141K [0x00000000eab00000, 0x00000000eb380000, 0x0000000100000000)
  eden space 4608K, 100% used [0x00000000eab00000,0x00000000eaf80000,0x00000000eaf80000)
  from space 2048K, 74% used [0x00000000eb180000,0x00000000eb2ff708,0x00000000eb380000)
  to   space 2048K, 0% used [0x00000000eaf80000,0x00000000eaf80000,0x00000000eb180000)
 ParOldGen       total 309248K, used 308879K [0x00000000c0000000, 0x00000000d2e00000, 0x00000000eab00000)
  object space 309248K, 99% used [0x00000000c0000000,0x00000000d2da3e68,0x00000000d2e00000)
 Metaspace       used 53314K, committed 54464K, reserved 1114112K
  class space    used 5663K, committed 6208K, reserved 1048576K
}
Event: 61.006 GC heap after
{Heap after GC invocations=255 (full 2):
 PSYoungGen      total 6656K, used 2003K [0x00000000eab00000, 0x00000000eb580000, 0x0000000100000000)
  eden space 4608K, 0% used [0x00000000eab00000,0x00000000eab00000,0x00000000eaf80000)
  from space 2048K, 97% used [0x00000000eaf80000,0x00000000eb174e00,0x00000000eb180000)
  to   space 2560K, 0% used [0x00000000eb300000,0x00000000eb300000,0x00000000eb580000)
 ParOldGen       total 310272K, used 310205K [0x00000000c0000000, 0x00000000d2f00000, 0x00000000eab00000)
  object space 310272K, 99% used [0x00000000c0000000,0x00000000d2eef4a0,0x00000000d2f00000)
 Metaspace       used 53314K, committed 54464K, reserved 1114112K
  class space    used 5663K, committed 6208K, reserved 1048576K
}
Event: 61.028 GC heap before
{Heap before GC invocations=256 (full 2):
 PSYoungGen      total 6656K, used 6611K [0x00000000eab00000, 0x00000000eb580000, 0x0000000100000000)
  eden space 4608K, 100% used [0x00000000eab00000,0x00000000eaf80000,0x00000000eaf80000)
  from space 2048K, 97% used [0x00000000eaf80000,0x00000000eb174e00,0x00000000eb180000)
  to   space 2560K, 0% used [0x00000000eb300000,0x00000000eb300000,0x00000000eb580000)
 ParOldGen       total 310272K, used 310205K [0x00000000c0000000, 0x00000000d2f00000, 0x00000000eab00000)
  object space 310272K, 99% used [0x00000000c0000000,0x00000000d2eef4a0,0x00000000d2f00000)
 Metaspace       used 53314K, committed 54464K, reserved 1114112K
  class space    used 5663K, committed 6208K, reserved 1048576K
}
Event: 61.033 GC heap after
{Heap after GC invocations=256 (full 2):
 PSYoungGen      total 8192K, used 2181K [0x00000000eab00000, 0x00000000eb580000, 0x0000000100000000)
  eden space 5632K, 0% used [0x00000000eab00000,0x00000000eab00000,0x00000000eb080000)
  from space 2560K, 85% used [0x00000000eb300000,0x00000000eb5216c0,0x00000000eb580000)
  to   space 2560K, 0% used [0x00000000eb080000,0x00000000eb080000,0x00000000eb300000)
 ParOldGen       total 312320K, used 311987K [0x00000000c0000000, 0x00000000d3100000, 0x00000000eab00000)
  object space 312320K, 99% used [0x00000000c0000000,0x00000000d30acfe8,0x00000000d3100000)
 Metaspace       used 53314K, committed 54464K, reserved 1114112K
  class space    used 5663K, committed 6208K, reserved 1048576K
}
Event: 61.060 GC heap before
{Heap before GC invocations=257 (full 2):
 PSYoungGen      total 8192K, used 7788K [0x00000000eab00000, 0x00000000eb580000, 0x0000000100000000)
  eden space 5632K, 99% used [0x00000000eab00000,0x00000000eb079c30,0x00000000eb080000)
  from space 2560K, 85% used [0x00000000eb300000,0x00000000eb5216c0,0x00000000eb580000)
  to   space 2560K, 0% used [0x00000000eb080000,0x00000000eb080000,0x00000000eb300000)
 ParOldGen       total 312320K, used 311987K [0x00000000c0000000, 0x00000000d3100000, 0x00000000eab00000)
  object space 312320K, 99% used [0x00000000c0000000,0x00000000d30acfe8,0x00000000d3100000)
 Metaspace       used 53314K, committed 54464K, reserved 1114112K
  class space    used 5663K, committed 6208K, reserved 1048576K
}
Event: 61.065 GC heap after
{Heap after GC invocations=257 (full 2):
 PSYoungGen      total 8192K, used 2345K [0x00000000eab00000, 0x00000000eb700000, 0x0000000100000000)
  eden space 5632K, 0% used [0x00000000eab00000,0x00000000eab00000,0x00000000eb080000)
  from space 2560K, 91% used [0x00000000eb080000,0x00000000eb2ca478,0x00000000eb300000)
  to   space 2560K, 0% used [0x00000000eb480000,0x00000000eb480000,0x00000000eb700000)
 ParOldGen       total 314368K, used 313986K [0x00000000c0000000, 0x00000000d3300000, 0x00000000eab00000)
  object space 314368K, 99% used [0x00000000c0000000,0x00000000d32a0950,0x00000000d3300000)
 Metaspace       used 53314K, committed 54464K, reserved 1114112K
  class space    used 5663K, committed 6208K, reserved 1048576K
}
Event: 61.096 GC heap before
{Heap before GC invocations=258 (full 2):
 PSYoungGen      total 8192K, used 7977K [0x00000000eab00000, 0x00000000eb700000, 0x0000000100000000)
  eden space 5632K, 100% used [0x00000000eab00000,0x00000000eb080000,0x00000000eb080000)
  from space 2560K, 91% used [0x00000000eb080000,0x00000000eb2ca478,0x00000000eb300000)
  to   space 2560K, 0% used [0x00000000eb480000,0x00000000eb480000,0x00000000eb700000)
 ParOldGen       total 314368K, used 313986K [0x00000000c0000000, 0x00000000d3300000, 0x00000000eab00000)
  object space 314368K, 99% used [0x00000000c0000000,0x00000000d32a0950,0x00000000d3300000)
 Metaspace       used 53314K, committed 54464K, reserved 1114112K
  class space    used 5663K, committed 6208K, reserved 1048576K
}
Event: 61.102 GC heap after
{Heap after GC invocations=258 (full 2):
 PSYoungGen      total 9728K, used 2499K [0x00000000eab00000, 0x00000000eb700000, 0x0000000100000000)
  eden space 7168K, 0% used [0x00000000eab00000,0x00000000eab00000,0x00000000eb200000)
  from space 2560K, 97% used [0x00000000eb480000,0x00000000eb6f0f70,0x00000000eb700000)
  to   space 2560K, 0% used [0x00000000eb200000,0x00000000eb200000,0x00000000eb480000)
 ParOldGen       total 316416K, used 316245K [0x00000000c0000000, 0x00000000d3500000, 0x00000000eab00000)
  object space 316416K, 99% used [0x00000000c0000000,0x00000000d34d5478,0x00000000d3500000)
 Metaspace       used 53314K, committed 54464K, reserved 1114112K
  class space    used 5663K, committed 6208K, reserved 1048576K
}
Event: 61.132 GC heap before
{Heap before GC invocations=259 (full 2):
 PSYoungGen      total 9728K, used 9667K [0x00000000eab00000, 0x00000000eb700000, 0x0000000100000000)
  eden space 7168K, 100% used [0x00000000eab00000,0x00000000eb200000,0x00000000eb200000)
  from space 2560K, 97% used [0x00000000eb480000,0x00000000eb6f0f70,0x00000000eb700000)
  to   space 2560K, 0% used [0x00000000eb200000,0x00000000eb200000,0x00000000eb480000)
 ParOldGen       total 316416K, used 316245K [0x00000000c0000000, 0x00000000d3500000, 0x00000000eab00000)
  object space 316416K, 99% used [0x00000000c0000000,0x00000000d34d5478,0x00000000d3500000)
 Metaspace       used 53314K, committed 54464K, reserved 1114112K
  class space    used 5663K, committed 6208K, reserved 1048576K
}
Event: 61.137 GC heap after
{Heap after GC invocations=259 (full 2):
 PSYoungGen      total 9728K, used 2539K [0x00000000eab00000, 0x00000000ebe00000, 0x0000000100000000)
  eden space 7168K, 0% used [0x00000000eab00000,0x00000000eab00000,0x00000000eb200000)
  from space 2560K, 99% used [0x00000000eb200000,0x00000000eb47ac58,0x00000000eb480000)
  to   space 6144K, 0% used [0x00000000eb800000,0x00000000eb800000,0x00000000ebe00000)
 ParOldGen       total 318976K, used 318958K [0x00000000c0000000, 0x00000000d3780000, 0x00000000eab00000)
  object space 318976K, 99% used [0x00000000c0000000,0x00000000d377b808,0x00000000d3780000)
 Metaspace       used 53314K, committed 54464K, reserved 1114112K
  class space    used 5663K, committed 6208K, reserved 1048576K
}
Event: 65.661 GC heap before
{Heap before GC invocations=260 (full 2):
 PSYoungGen      total 9728K, used 8879K [0x00000000eab00000, 0x00000000ebe00000, 0x0000000100000000)
  eden space 7168K, 88% used [0x00000000eab00000,0x00000000eb131130,0x00000000eb200000)
  from space 2560K, 99% used [0x00000000eb200000,0x00000000eb47ac58,0x00000000eb480000)
  to   space 6144K, 0% used [0x00000000eb800000,0x00000000eb800000,0x00000000ebe00000)
 ParOldGen       total 318976K, used 318958K [0x00000000c0000000, 0x00000000d3780000, 0x00000000eab00000)
  object space 318976K, 99% used [0x00000000c0000000,0x00000000d377b808,0x00000000d3780000)
 Metaspace       used 53315K, committed 54464K, reserved 1114112K
  class space    used 5663K, committed 6208K, reserved 1048576K
}
Event: 65.666 GC heap after
{Heap after GC invocations=260 (full 2):
 PSYoungGen      total 9728K, used 2559K [0x00000000eab00000, 0x00000000eba80000, 0x0000000100000000)
  eden space 7168K, 0% used [0x00000000eab00000,0x00000000eab00000,0x00000000eb200000)
  from space 2560K, 99% used [0x00000000eb800000,0x00000000eba7fe40,0x00000000eba80000)
  to   space 3584K, 0% used [0x00000000eb380000,0x00000000eb380000,0x00000000eb700000)
 ParOldGen       total 321536K, used 321348K [0x00000000c0000000, 0x00000000d3a00000, 0x00000000eab00000)
  object space 321536K, 99% used [0x00000000c0000000,0x00000000d39d12a8,0x00000000d3a00000)
 Metaspace       used 53315K, committed 54464K, reserved 1114112K
  class space    used 5663K, committed 6208K, reserved 1048576K
}
Event: 71.799 GC heap before
{Heap before GC invocations=261 (full 2):
 PSYoungGen      total 9728K, used 9727K [0x00000000eab00000, 0x00000000eba80000, 0x0000000100000000)
  eden space 7168K, 99% used [0x00000000eab00000,0x00000000eb1ffff0,0x00000000eb200000)
  from space 2560K, 99% used [0x00000000eb800000,0x00000000eba7fe40,0x00000000eba80000)
  to   space 3584K, 0% used [0x00000000eb380000,0x00000000eb380000,0x00000000eb700000)
 ParOldGen       total 321536K, used 321348K [0x00000000c0000000, 0x00000000d3a00000, 0x00000000eab00000)
  object space 321536K, 99% used [0x00000000c0000000,0x00000000d39d12a8,0x00000000d3a00000)
 Metaspace       used 53512K, committed 54656K, reserved 1114112K
  class space    used 5700K, committed 6272K, reserved 1048576K
}
Event: 71.809 GC heap after
{Heap after GC invocations=261 (full 2):
 PSYoungGen      total 9216K, used 1639K [0x00000000eab00000, 0x00000000eb880000, 0x0000000100000000)
  eden space 7168K, 0% used [0x00000000eab00000,0x00000000eab00000,0x00000000eb200000)
  from space 2048K, 80% used [0x00000000eb380000,0x00000000eb519c80,0x00000000eb580000)
  to   space 2560K, 0% used [0x00000000eb600000,0x00000000eb600000,0x00000000eb880000)
 ParOldGen       total 327168K, used 327073K [0x00000000c0000000, 0x00000000d3f80000, 0x00000000eab00000)
  object space 327168K, 99% used [0x00000000c0000000,0x00000000d3f687f0,0x00000000d3f80000)
 Metaspace       used 53512K, committed 54656K, reserved 1114112K
  class space    used 5700K, committed 6272K, reserved 1048576K
}

