# JRE version: Java(TM) SE Runtime Environment (20.0.2+9) (build 20.0.2+9-78)
# Java VM: Java HotSpot(TM) 64-Bit Server VM (20.0.2+9-78, mixed mode, sharing, tiered, compressed oops, compressed class ptrs, g1 gc, windows-amd64)
GC Precious Log:
 CardTable entry size: 512
 Card Set container configuration: InlinePtr #cards 4 size 8 Array Of Cards #cards 16 size 48 Howl #buckets 8 coarsen threshold 3686 Howl Bitmap #cards 512 size 80 coarsen threshold 460 Card regions per heap region 1 cards per card region 4096
 CPUs: 16 total, 16 available
 Memory: 7528M
 Large Page Support: Disabled
 NUMA Support: Disabled
 Compressed Oops: Enabled (Zero based)
 Heap Region Size: 2M
 Heap Min Capacity: 8M
 Heap Initial Capacity: 118M
 Heap Max Capacity: 4G
 Pre-touch: Disabled
 Parallel Workers: 13
 Concurrent Workers: 3
 Concurrent Refinement Workers: 13
 Periodic GC: Disabled
Heap:
 garbage-first heap   total 677888K, used 602262K [0x0000000700000000, 0x0000000800000000)
  region size 2048K, 191 young (391168K), 3 survivors (6144K)
 Metaspace       used 112971K, committed 115712K, reserved 1179648K
  class space    used 15395K, committed 16704K, reserved 1048576K
GC Heap History (20 events):
Event: 1035.145 GC heap before
{Heap before GC invocations=50 (full 0):
 garbage-first heap   total 378880K, used 327257K [0x0000000700000000, 0x0000000800000000)
  region size 2048K, 68 young (139264K), 9 survivors (18432K)
 Metaspace       used 109645K, committed 112384K, reserved 1179648K
  class space    used 15112K, committed 16384K, reserved 1048576K
}
Event: 1035.280 GC heap after
{Heap after GC invocations=51 (full 0):
 garbage-first heap   total 378880K, used 221020K [0x0000000700000000, 0x0000000800000000)
  region size 2048K, 6 young (12288K), 6 survivors (12288K)
 Metaspace       used 109645K, committed 112384K, reserved 1179648K
  class space    used 15112K, committed 16384K, reserved 1048576K
}
Event: 1037.315 GC heap before
{Heap before GC invocations=51 (full 0):
 garbage-first heap   total 378880K, used 335708K [0x0000000700000000, 0x0000000800000000)
  region size 2048K, 62 young (126976K), 6 survivors (12288K)
 Metaspace       used 109845K, committed 112512K, reserved 1179648K
  class space    used 15118K, committed 16384K, reserved 1048576K
}
Event: 1037.358 GC heap after
{Heap after GC invocations=52 (full 0):
 garbage-first heap   total 378880K, used 234649K [0x0000000700000000, 0x0000000800000000)
  region size 2048K, 7 young (14336K), 7 survivors (14336K)
 Metaspace       used 109845K, committed 112512K, reserved 1179648K
  class space    used 15118K, committed 16384K, reserved 1048576K
}
Event: 1038.648 GC heap before
{Heap before GC invocations=53 (full 0):
 garbage-first heap   total 450560K, used 337049K [0x0000000700000000, 0x0000000800000000)
  region size 2048K, 59 young (120832K), 7 survivors (14336K)
 Metaspace       used 110278K, committed 112960K, reserved 1179648K
  class space    used 15153K, committed 16448K, reserved 1048576K
}
Event: 1038.721 GC heap after
{Heap after GC invocations=54 (full 0):
 garbage-first heap   total 450560K, used 246285K [0x0000000700000000, 0x0000000800000000)
  region size 2048K, 8 young (16384K), 8 survivors (16384K)
 Metaspace       used 110278K, committed 112960K, reserved 1179648K
  class space    used 15153K, committed 16448K, reserved 1048576K
}
Event: 1040.735 GC heap before
{Heap before GC invocations=54 (full 0):
 garbage-first heap   total 450560K, used 397837K [0x0000000700000000, 0x0000000800000000)
  region size 2048K, 82 young (167936K), 8 survivors (16384K)
 Metaspace       used 110559K, committed 113344K, reserved 1179648K
  class space    used 15170K, committed 16512K, reserved 1048576K
}
Event: 1040.852 GC heap after
{Heap after GC invocations=55 (full 0):
 garbage-first heap   total 450560K, used 248562K [0x0000000700000000, 0x0000000800000000)
  region size 2048K, 11 young (22528K), 11 survivors (22528K)
 Metaspace       used 110559K, committed 113344K, reserved 1179648K
  class space    used 15170K, committed 16512K, reserved 1048576K
}
Event: 1042.751 GC heap before
{Heap before GC invocations=55 (full 0):
 garbage-first heap   total 450560K, used 391922K [0x0000000700000000, 0x0000000800000000)
  region size 2048K, 81 young (165888K), 11 survivors (22528K)
 Metaspace       used 110700K, committed 113472K, reserved 1179648K
  class space    used 15171K, committed 16512K, reserved 1048576K
}
Event: 1042.792 GC heap after
{Heap after GC invocations=56 (full 0):
 garbage-first heap   total 450560K, used 259192K [0x0000000700000000, 0x0000000800000000)
  region size 2048K, 6 young (12288K), 6 survivors (12288K)
 Metaspace       used 110700K, committed 113472K, reserved 1179648K
  class space    used 15171K, committed 16512K, reserved 1048576K
}
Event: 1044.524 GC heap before
{Heap before GC invocations=56 (full 0):
 garbage-first heap   total 450560K, used 400504K [0x0000000700000000, 0x0000000800000000)
  region size 2048K, 75 young (153600K), 6 survivors (12288K)
 Metaspace       used 110909K, committed 113664K, reserved 1179648K
  class space    used 15187K, committed 16512K, reserved 1048576K
}
Event: 1044.551 GC heap after
{Heap after GC invocations=57 (full 0):
 garbage-first heap   total 677888K, used 277593K [0x0000000700000000, 0x0000000800000000)
  region size 2048K, 10 young (20480K), 10 survivors (20480K)
 Metaspace       used 110909K, committed 113664K, reserved 1179648K
  class space    used 15187K, committed 16512K, reserved 1048576K
}
Event: 2281.692 GC heap before
{Heap before GC invocations=58 (full 0):
 garbage-first heap   total 677888K, used 543833K [0x0000000700000000, 0x0000000800000000)
  region size 2048K, 152 young (311296K), 10 survivors (20480K)
 Metaspace       used 112400K, committed 115136K, reserved 1179648K
  class space    used 15358K, committed 16704K, reserved 1048576K
}
Event: 2281.858 GC heap after
{Heap after GC invocations=59 (full 0):
 garbage-first heap   total 677888K, used 279623K [0x0000000700000000, 0x0000000800000000)
  region size 2048K, 18 young (36864K), 18 survivors (36864K)
 Metaspace       used 112400K, committed 115136K, reserved 1179648K
  class space    used 15358K, committed 16704K, reserved 1048576K
}
Event: 2282.844 GC heap before
{Heap before GC invocations=59 (full 0):
 garbage-first heap   total 677888K, used 568391K [0x0000000700000000, 0x0000000800000000)
  region size 2048K, 160 young (327680K), 18 survivors (36864K)
 Metaspace       used 112944K, committed 115648K, reserved 1179648K
  class space    used 15395K, committed 16704K, reserved 1048576K
}
Event: 2282.971 GC heap after
{Heap after GC invocations=60 (full 0):
 garbage-first heap   total 677888K, used 252650K [0x0000000700000000, 0x0000000800000000)
  region size 2048K, 4 young (8192K), 4 survivors (8192K)
 Metaspace       used 112944K, committed 115648K, reserved 1179648K
  class space    used 15395K, committed 16704K, reserved 1048576K
}
Event: 2283.399 GC heap before
{Heap before GC invocations=60 (full 0):
 garbage-first heap   total 677888K, used 582378K [0x0000000700000000, 0x0000000800000000)
  region size 2048K, 166 young (339968K), 4 survivors (8192K)
 Metaspace       used 112961K, committed 115712K, reserved 1179648K
  class space    used 15395K, committed 16704K, reserved 1048576K
}
Event: 2283.439 GC heap after
{Heap after GC invocations=61 (full 0):
 garbage-first heap   total 677888K, used 245386K [0x0000000700000000, 0x0000000800000000)
  region size 2048K, 4 young (8192K), 4 survivors (8192K)
 Metaspace       used 112961K, committed 115712K, reserved 1179648K
  class space    used 15395K, committed 16704K, reserved 1048576K
}
Event: 2284.149 GC heap before
{Heap before GC invocations=61 (full 0):
 garbage-first heap   total 677888K, used 620170K [0x0000000700000000, 0x0000000800000000)
  region size 2048K, 187 young (382976K), 4 survivors (8192K)
 Metaspace       used 112964K, committed 115712K, reserved 1179648K
  class space    used 15395K, committed 16704K, reserved 1048576K
}
Event: 2284.191 GC heap after
{Heap after GC invocations=62 (full 0):
 garbage-first heap   total 677888K, used 243862K [0x0000000700000000, 0x0000000800000000)
  region size 2048K, 3 young (6144K), 3 survivors (6144K)
 Metaspace       used 112964K, committed 115712K, reserved 1179648K
  class space    used 15395K, committed 16704K, reserved 1048576K
}

